{"/Users/darlanmendonca/projects/basicSassProject/app/index.js":{"path":"/Users/darlanmendonca/projects/basicSassProject/app/index.js","s":{"1":1,"2":1,"3":1,"4":1,"5":1,"6":1,"7":1,"8":1,"9":1,"10":1},"b":{},"f":{"1":1,"2":1,"3":1},"fnMap":{"1":{"name":"(anonymous_1)","line":7,"loc":{"start":{"line":7,"column":15},"end":{"line":7,"column":27}}},"2":{"name":"(anonymous_2)","line":11,"loc":{"start":{"line":11,"column":12},"end":{"line":11,"column":23}}},"3":{"name":"(anonymous_3)","line":20,"loc":{"start":{"line":20,"column":16},"end":{"line":20,"column":27}}}},"statementMap":{"1":{"start":{"line":3,"column":0},"end":{"line":3,"column":45}},"2":{"start":{"line":4,"column":0},"end":{"line":4,"column":27}},"3":{"start":{"line":6,"column":0},"end":{"line":27,"column":3}},"4":{"start":{"line":8,"column":4},"end":{"line":8,"column":43}},"5":{"start":{"line":12,"column":4},"end":{"line":12,"column":69}},"6":{"start":{"line":13,"column":4},"end":{"line":13,"column":37}},"7":{"start":{"line":14,"column":4},"end":{"line":14,"column":41}},"8":{"start":{"line":16,"column":4},"end":{"line":16,"column":35}},"9":{"start":{"line":17,"column":4},"end":{"line":17,"column":52}},"10":{"start":{"line":21,"column":4},"end":{"line":25,"column":7}}},"branchMap":{}}}